send: 'ehlo [192.168.0.1]\r\n'
reply: b'250-SGXP274CA0013.outlook.office365.com Hello [103.47.135.152]\r\n'
reply: b'250-SIZE 157286400\r\n'
reply: b'250-PIPELINING\r\n'
reply: b'250-DSN\r\n'
reply: b'250-ENHANCEDSTATUSCODES\r\n'
reply: b'250-STARTTLS\r\n'
reply: b'250-8BITMIME\r\n'
reply: b'250-BINARYMIME\r\n'
reply: b'250-CHUNKING\r\n'
reply: b'250 SMTPUTF8\r\n'
reply: retcode (250); Msg: b'SGXP274CA0013.outlook.office365.com Hello [103.47.135.152]\nSIZE 157286400\nPIPELINING\nDSN\nENHANCEDSTATUSCODES\nSTARTTLS\n8BITMIME\nBINARYMIME\nCHUNKING\nSMTPUTF8'
send: 'STARTTLS\r\n'
reply: b'220 2.0.0 SMTP server ready\r\n'
reply: retcode (220); Msg: b'2.0.0 SMTP server ready'
Email    : ingwerflash@outlook.com
Password :
send: 'ehlo [192.168.0.1]\r\n'
reply: b'250-SGXP274CA0013.outlook.office365.com Hello [103.47.135.152]\r\n'
reply: b'250-SIZE 157286400\r\n'
reply: b'250-PIPELINING\r\n'
reply: b'250-DSN\r\n'
reply: b'250-ENHANCEDSTATUSCODES\r\n'
reply: b'250-AUTH LOGIN XOAUTH2\r\n'
reply: b'250-8BITMIME\r\n'
reply: b'250-BINARYMIME\r\n'
reply: b'250-CHUNKING\r\n'
reply: b'250 SMTPUTF8\r\n'
reply: retcode (250); Msg: b'SGXP274CA0013.outlook.office365.com Hello [103.47.135.152]\nSIZE 157286400\nPIPELINING\nDSN\nENHANCEDSTATUSCODES\nAUTH LOGIN XOAUTH2\n8BITMIME\nBINARYMIME\nCHUNKING\nSMTPUTF8'
send: 'AUTH LOGIN aW5nd2VyZmxhc2hAb3V0bG9vay5jb20=\r\n'
reply: b'334 UGFzc3dvcmQ6\r\n'
reply: retcode (334); Msg: b'UGFzc3dvcmQ6'
send: 'NzY5QWQxNDU=\r\n'
reply: b'235 2.7.0 Authentication successful\r\n'
reply: retcode (235); Msg: b'2.7.0 Authentication successful'
(235, b'2.7.0 Authentication successful')
Subject  : Anak haram
TO : aminemc236@gmail.com
send: 'mail FROM:<ingwerflash@outlook.com> size=80\r\n'
reply: b'250 2.1.0 Sender OK\r\n'
reply: retcode (250); Msg: b'2.1.0 Sender OK'
send: 'rcpt TO:<aminemc236@gmail.com>\r\n'
reply: b'250 2.1.5 Recipient OK\r\n'
reply: retcode (250); Msg: b'2.1.5 Recipient OK'
send: 'data\r\n'
reply: b'354 Start mail input; end with <CRLF>.<CRLF>\r\n'
reply: retcode (354); Msg: b'Start mail input; end with <CRLF>.<CRLF>'
data: (354, b'Start mail input; end with <CRLF>.<CRLF>')
send: b'Subject: Anak haram\r\nFrom: ingwerflash@outlook.com\r\nto: aminemc236@gmail.com\r\n\r\n.\r\n'
reply: b'250 2.0.0 OK <SEZPR01MB4229A2267E334C9059B39BF7AC469@SEZPR01MB4229.apcprd01.prod.exchangelabs.com> [Hostname=SEZPR01MB4229.apcprd01.prod.exchangelabs.com]\r\n'
reply: retcode (250); Msg: b'2.0.0 OK <SEZPR01MB4229A2267E334C9059B39BF7AC469@SEZPR01MB4229.apcprd01.prod.exchangelabs.com> [Hostname=SEZPR01MB4229.apcprd01.prod.exchangelabs.com]'
data: (250, b'2.0.0 OK <SEZPR01MB4229A2267E334C9059B39BF7AC469@SEZPR01MB4229.apcprd01.prod.exchangelabs.com> [Hostname=SEZPR01MB4229.apcprd01.prod.exchangelabs.com]')